[16-08-2024 07:44:34.899 INFO com.nopcommerce.user.Level_14_Log_ReportNG] - Verify_Element_Displayed - Step 01: Click on Create New Account Button
[16-08-2024 07:44:35.072 INFO com.nopcommerce.user.Level_14_Log_ReportNG] - Verify_Element_Displayed - Step 02: Verify Email Address Textbox show on popup
[16-08-2024 07:44:35.574 INFO com.nopcommerce.user.Level_14_Log_ReportNG] - ---------------------- Passed -----------------------
[16-08-2024 07:44:35.576 INFO com.nopcommerce.user.Level_14_Log_ReportNG] - Verify_Element_Undisplayed_In_DOM - Step 01: Verify Email Address Confirm Textbox do not show on Register form
[16-08-2024 07:44:35.603 INFO com.nopcommerce.user.Level_14_Log_ReportNG] - ---------------------- Passed -----------------------
[16-08-2024 07:44:35.604 INFO com.nopcommerce.user.Level_14_Log_ReportNG] - Verify_Element_Undisplayed_Not_In_DOM - Step 02: Click on Close Icon At Register form
[16-08-2024 07:44:35.688 INFO com.nopcommerce.user.Level_14_Log_ReportNG] - Verify_Element_Undisplayed_Not_In_DOM - Step 01: Verify Email Address Confirm Textbox do not show on DOM
[16-08-2024 07:44:35.757 INFO com.nopcommerce.user.Level_14_Log_ReportNG] - ---------------------- Passed -----------------------
[16-08-2024 23:00:15.267 INFO com.nopcommerce.user.Level_15_Extent_Report_V5] - ---------------------- Passed -----------------------
[16-08-2024 23:00:15.311 INFO com.nopcommerce.user.Level_15_Extent_Report_V5] - ---------------------- Failed -----------------------
[16-08-2024 23:00:15.508 INFO com.nopcommerce.user.Level_15_Extent_Report_V5] - ---------------------- Passed -----------------------
[16-08-2024 23:06:02.779 INFO com.nopcommerce.user.Level_15_Extent_Report_V5] - ---------------------- Passed -----------------------
[16-08-2024 23:06:02.863 INFO com.nopcommerce.user.Level_15_Extent_Report_V5] - ---------------------- Failed -----------------------
[16-08-2024 23:06:03.082 INFO com.nopcommerce.user.Level_15_Extent_Report_V5] - ---------------------- Passed -----------------------
[16-08-2024 23:08:49.692 INFO com.nopcommerce.user.Level_15_Extent_Report_V5] - ---------------------- Passed -----------------------
[16-08-2024 23:08:49.760 INFO com.nopcommerce.user.Level_15_Extent_Report_V5] - ---------------------- Failed -----------------------
[16-08-2024 23:08:50.010 INFO com.nopcommerce.user.Level_15_Extent_Report_V5] - ---------------------- Passed -----------------------
[16-08-2024 23:09:49.179 INFO com.nopcommerce.user.Level_15_Extent_Report_V5] - ---------------------- Passed -----------------------
[16-08-2024 23:09:49.228 INFO com.nopcommerce.user.Level_15_Extent_Report_V5] - ---------------------- Passed -----------------------
[16-08-2024 23:09:49.533 INFO com.nopcommerce.user.Level_15_Extent_Report_V5] - ---------------------- Passed -----------------------
[16-08-2024 23:13:27.443 INFO com.nopcommerce.user.Level_15_Extent_Report_V5] - ---------------------- Passed -----------------------
[16-08-2024 23:13:27.505 INFO com.nopcommerce.user.Level_15_Extent_Report_V5] - ---------------------- Passed -----------------------
[16-08-2024 23:13:27.667 INFO com.nopcommerce.user.Level_15_Extent_Report_V5] - ---------------------- Passed -----------------------
[16-08-2024 23:14:33.771 INFO com.nopcommerce.user.Level_15_Extent_Report_V5] - ---------------------- Failed -----------------------
[16-08-2024 23:14:38.801 INFO com.nopcommerce.user.Level_15_Extent_Report_V5] - ---------------------- Failed -----------------------
[16-08-2024 23:14:43.551 INFO com.nopcommerce.user.Level_15_Extent_Report_V5] - ---------------------- Passed -----------------------
[16-08-2024 23:15:55.347 INFO com.nopcommerce.user.Level_15_Extent_Report_V5] - ---------------------- Failed -----------------------
[16-08-2024 23:15:59.213 INFO com.nopcommerce.user.Level_15_Extent_Report_V5] - ---------------------- Failed -----------------------
[16-08-2024 23:16:03.371 INFO com.nopcommerce.user.Level_15_Extent_Report_V5] - ---------------------- Passed -----------------------
[16-08-2024 23:16:49.719 INFO com.nopcommerce.user.Level_15_Extent_Report_V5] - ---------------------- Passed -----------------------
[16-08-2024 23:16:49.767 INFO com.nopcommerce.user.Level_15_Extent_Report_V5] - ---------------------- Passed -----------------------
[16-08-2024 23:16:49.990 INFO com.nopcommerce.user.Level_15_Extent_Report_V5] - ---------------------- Passed -----------------------
[16-08-2024 23:17:25.579 INFO com.nopcommerce.user.Level_15_Extent_Report_V5] - ---------------------- Passed -----------------------
[16-08-2024 23:17:25.625 INFO com.nopcommerce.user.Level_15_Extent_Report_V5] - ---------------------- Passed -----------------------
[16-08-2024 23:17:25.839 INFO com.nopcommerce.user.Level_15_Extent_Report_V5] - ---------------------- Failed -----------------------
